[www.scoopthemes.com/templates/Oleose/Freeze/index.html]
[backblue.gif]
[fade.gif]
[index.html]
[www.scoopthemes.com/templates/Oleose/Freeze/favicon.png]
[www.scoopthemes.com/templates/Oleose/Freeze/assets/css/bootstrap.min.css]
[www.scoopthemes.com/templates/Oleose/Freeze/assets/css/animate.css]
[www.scoopthemes.com/templates/Oleose/Freeze/assets/css/font-awesome.min.css]
[www.scoopthemes.com/templates/Oleose/Freeze/assets/css/slick.css]
[www.scoopthemes.com/templates/Oleose/Freeze/assets/js/rs-plugin/css/settings.css]
[www.scoopthemes.com/templates/Oleose/Freeze/assets/css/styles.css]
[www.scoopthemes.com/templates/Oleose/Freeze/assets/img/freeze/logo.png]
[www.scoopthemes.com/templates/Oleose/Freeze/assets/js/modernizr.custom.32033.js]
[cdn.carbonads.com/carbon86c4.js]
[www.scoopthemes.com/templates/Oleose/Freeze/index-2.html]
[www.scoopthemes.com/templates/Oleose/Freeze/assets/img/transparent.png]
[www.scoopthemes.com/templates/Oleose/Freeze/assets/img/freeze/Slides/hand-freeze.png]
[www.scoopthemes.com/templates/Oleose/Freeze/assets/img/freeze/iphone-freeze.png]
[www.scoopthemes.com/templates/Oleose/Freeze/assets/img/freeze/Slides/freeze-slide2.png]
[www.scoopthemes.com/templates/Oleose/Freeze/assets/img/freeze/Slides/family-freeze.png]
[www.scoopthemes.com/templates/Oleose/Freeze/assets/img/freeze/screens/profile.jpg]
[www.scoopthemes.com/templates/Oleose/Freeze/assets/img/freeze/screens/menu.jpg]
[www.scoopthemes.com/templates/Oleose/Freeze/assets/img/freeze/screens/weather.jpg]
[www.scoopthemes.com/templates/Oleose/Freeze/assets/img/freeze/screens/signup.jpg]
[www.scoopthemes.com/templates/Oleose/Freeze/assets/img/freeze/screens/calendar.jpg]
[www.scoopthemes.com/templates/Oleose/Freeze/assets/img/freeze/screens/options.jpg]
[www.scoopthemes.com/templates/Oleose/Freeze/assets/img/freeze/screens/sales.jpg]
[www.scoopthemes.com/templates/Oleose/Freeze/assets/img/freeze/freeze-angled2.png]
[www.scoopthemes.com/templates/Oleose/Freeze/assets/js/slick.min.js]
[www.scoopthemes.com/templates/Oleose/Freeze/assets/js/bootstrap.min.js]
[www.scoopthemes.com/templates/Oleose/Freeze/assets/js/placeholdem.min.js]
[www.scoopthemes.com/templates/Oleose/Freeze/assets/js/jquery-1.11.1.min.js]
[www.scoopthemes.com/templates/Oleose/Freeze/assets/js/waypoints.min.js]
[www.scoopthemes.com/templates/Oleose/Freeze/assets/js/scripts.js]
[www.scoopthemes.com/templates/Oleose/Freeze/index.html]
[www.scoopthemes.com/templates/Oleose/Freeze/assets/js/rs-plugin/js/jquery.themepunch.revolution.min.js]
[www.scoopthemes.com/templates/Oleose/Freeze/assets/fonts/glyphicons-halflings-regular.eot]
[www.scoopthemes.com/templates/Oleose/Freeze/assets/fonts/glyphicons-halflings-regulard41d.eot]
[www.scoopthemes.com/templates/Oleose/Freeze/assets/fonts/glyphicons-halflings-regular.woff2]
[www.scoopthemes.com/templates/Oleose/Freeze/assets/fonts/glyphicons-halflings-regular.woff]
[www.scoopthemes.com/templates/Oleose/Freeze/assets/fonts/glyphicons-halflings-regular.ttf]
[www.scoopthemes.com/templates/Oleose/Freeze/assets/js/rs-plugin/js/jquery.themepunch.plugins.min.js]
[www.scoopthemes.com/templates/Oleose/Freeze/assets/fonts/glyphicons-halflings-regular.svg]
[www.scoopthemes.com/templates/Oleose/Freeze/assets/css/bootstrap.min.css]
[www.scoopthemes.com/templates/Oleose/Freeze/assets/css/animate.css]
[www.scoopthemes.com/templates/Oleose/Freeze/assets/fonts/fontawesome-webfont862f.eot]
[www.scoopthemes.com/templates/Oleose/Freeze/assets/fonts/fontawesome-webfontd41d.eot]
[www.scoopthemes.com/templates/Oleose/Freeze/assets/fonts/fontawesome-webfont862f.woff]
[www.scoopthemes.com/templates/Oleose/Freeze/assets/fonts/fontawesome-webfont862f.svg]
[www.scoopthemes.com/templates/Oleose/Freeze/assets/css/font-awesome.min.css]
[www.scoopthemes.com/templates/Oleose/Freeze/assets/css/ajax-loader.gif]
[www.scoopthemes.com/templates/Oleose/Freeze/assets/css/slick.css]
[www.scoopthemes.com/templates/Oleose/Freeze/assets/js/rs-plugin/images/gradient/g30.png]
[www.scoopthemes.com/templates/Oleose/Freeze/assets/js/rs-plugin/images/gradient/g40.png]
[www.scoopthemes.com/templates/Oleose/Freeze/assets/js/rs-plugin/assets/shadow1.png]
[www.scoopthemes.com/templates/Oleose/Freeze/assets/js/rs-plugin/assets/shadow2.png]
[www.scoopthemes.com/templates/Oleose/Freeze/assets/fonts/fontawesome-webfont862f.ttf]
[www.scoopthemes.com/templates/Oleose/Freeze/assets/js/rs-plugin/assets/shadow3.png]
[www.scoopthemes.com/templates/Oleose/Freeze/assets/js/rs-plugin/assets/gridtile.png]
[www.scoopthemes.com/templates/Oleose/Freeze/assets/js/rs-plugin/assets/gridtile_white.png]
[www.scoopthemes.com/templates/Oleose/Freeze/assets/js/rs-plugin/assets/gridtile_3x3.png]
[www.scoopthemes.com/templates/Oleose/Freeze/assets/js/rs-plugin/assets/gridtile_3x3_white.png]
[www.scoopthemes.com/templates/Oleose/Freeze/assets/js/rs-plugin/assets/boxed_bgtile.png]
[www.scoopthemes.com/templates/Oleose/Freeze/assets/js/rs-plugin/assets/navigdots_bgtile.png]
[www.scoopthemes.com/templates/Oleose/Freeze/assets/js/rs-plugin/assets/bullet.png]
[www.scoopthemes.com/templates/Oleose/Freeze/assets/js/rs-plugin/assets/bullets.png]
[www.scoopthemes.com/templates/Oleose/Freeze/assets/js/rs-plugin/assets/bullets2.png]
[www.scoopthemes.com/templates/Oleose/Freeze/assets/js/rs-plugin/assets/bullet_boxed.png]
[www.scoopthemes.com/templates/Oleose/Freeze/assets/js/rs-plugin/assets/navigdots.png]
[www.scoopthemes.com/templates/Oleose/Freeze/assets/js/rs-plugin/assets/large_left.png]
[www.scoopthemes.com/templates/Oleose/Freeze/assets/js/rs-plugin/assets/large_right.png]
[www.scoopthemes.com/templates/Oleose/Freeze/assets/js/rs-plugin/assets/small_left.png]
[www.scoopthemes.com/templates/Oleose/Freeze/assets/js/rs-plugin/assets/small_right.png]
[www.scoopthemes.com/templates/Oleose/Freeze/assets/js/rs-plugin/assets/arrow_left.png]
[www.scoopthemes.com/templates/Oleose/Freeze/assets/js/rs-plugin/assets/arrow_right.png]
[www.scoopthemes.com/templates/Oleose/Freeze/assets/js/rs-plugin/assets/small_left_boxed.png]
[www.scoopthemes.com/templates/Oleose/Freeze/assets/js/rs-plugin/assets/small_right_boxed.png]
[www.scoopthemes.com/templates/Oleose/Freeze/assets/js/rs-plugin/assets/arrowleft.png]
[www.scoopthemes.com/templates/Oleose/Freeze/assets/js/rs-plugin/assets/arrowright.png]
[www.scoopthemes.com/templates/Oleose/Freeze/assets/js/rs-plugin/assets/arrow_left2.png]
[www.scoopthemes.com/templates/Oleose/Freeze/assets/js/rs-plugin/assets/arrow_right2.png]
[www.scoopthemes.com/templates/Oleose/Freeze/assets/js/rs-plugin/assets/timer.png]
[www.scoopthemes.com/templates/Oleose/Freeze/assets/js/rs-plugin/assets/coloredbg.png]
[www.scoopthemes.com/templates/Oleose/Freeze/assets/js/rs-plugin/assets/loader.gif]
[www.scoopthemes.com/templates/Oleose/Freeze/assets/js/rs-plugin/font/revicons90c6.eot]
[www.scoopthemes.com/templates/Oleose/Freeze/assets/js/rs-plugin/font/revicons90c6.woff]
[www.scoopthemes.com/templates/Oleose/Freeze/assets/js/rs-plugin/font/revicons90c6.svg]
[www.scoopthemes.com/templates/Oleose/Freeze/assets/js/rs-plugin/css/settings.css]
[www.scoopthemes.com/templates/Oleose/Freeze/assets/img/freeze/bk-freeze.jpg]
[www.scoopthemes.com/templates/Oleose/Freeze/assets/img/freeze/bk-freeze-ga.jpg]
[www.scoopthemes.com/templates/Oleose/Freeze/assets/js/rs-plugin/font/revicons90c6.ttf]
[www.scoopthemes.com/templates/Oleose/Freeze/assets/css/styles.css]
[www.scoopthemes.com/templates/Oleose/Freeze/index-2.html]
[www.scoopthemes.com/templates/Oleose/Freeze/assets/fonts/glyphicons-halflings-regular.html]
[www.scoopthemes.com/templates/Oleose/Freeze/assets/fonts/glyphicons-halflings-regulard41d.html]
[www.scoopthemes.com/templates/Oleose/Freeze/assets/fonts/glyphicons-halflings-regular-2.html]
[www.scoopthemes.com/templates/Oleose/Freeze/assets/fonts/glyphicons-halflings-regular-3.html]
[www.scoopthemes.com/templates/Oleose/Freeze/assets/fonts/glyphicons-halflings-regular-4.html]
[www.scoopthemes.com/templates/Oleose/Freeze/assets/fonts/glyphicons-halflings-regular-5.html]
[www.scoopthemes.com/templates/Oleose/Freeze/assets/fonts/fontawesome-webfont862f.svg]
[www.scoopthemes.com/templates/Oleose/Freeze/assets/js/rs-plugin/font/revicons90c6.svg]
[api.randomuser.me/portraits/women/94.jpg]
[api.randomuser.me/portraits/men/70.jpg]
[api.randomuser.me/portraits/men/93.jpg]
